<?xml version="1.0" encoding="UTF-8"?>
<!-- Generated by org.testng.reporters.JUnitReportReporter -->
<testsuite hostname="WIN10-434MMJ2" failures="0" tests="1" name="cucumberoptions.TestNGTestRunner" time="29.819" errors="0" timestamp="21 Dec 2024 10:04:26 GMT">
  <testcase classname="cucumberoptions.TestNGTestRunner" name="runScenario" time="29.819"/>
</testsuite> <!-- cucumberoptions.TestNGTestRunner -->
