<?xml version="1.0" encoding="UTF-8"?>
<!-- Generated by org.testng.reporters.JUnitReportReporter -->
<testsuite hostname="ETPLGGN-434MMJ2" failures="0" tests="1" name="cucumberoptions.TestRunner" time="4.853" errors="1" timestamp="2024-11-19T11:36:13 IST" skipped="0">
  <testcase classname="cucumberoptions.TestRunner" name="runScenario" time="4.853">
    <error message="The step &#039;TC_003 Verify Group radiobutton is clickable&#039; and 20 other step(s) are undefined.
You can implement these steps using the snippet(s) below:

@When(&quot;TC_{int} Verify Group radiobutton is clickable&quot;)
public void tc_verify_group_radiobutton_is_clickable(Integer int1) {
    // Write code here that turns the phrase above into concrete actions
    throw new io.cucumber.java.PendingException();
}
@Given(&quot;User on Homepage page&quot;)
public void user_on_homepage_page() {
    // Write code here that turns the phrase above into concrete actions
    throw new io.cucumber.java.PendingException();
}
@When(&quot;TC_{int}_Verify the View manage password sub module link is available and open&quot;)
public void tc__verify_the_view_manage_password_sub_module_link_is_available_and_open(Integer int1) {
    // Write code here that turns the phrase above into concrete actions
    throw new io.cucumber.java.PendingException();
}
@When(&quot;TC_{int}_Verify client radio button is visible and clickable&quot;)
public void tc__verify_client_radio_button_is_visible_and_clickable(Integer int1) {
    // Write code here that turns the phrase above into concrete actions
    throw new io.cucumber.java.PendingException();
}
@When(&quot;TC_{int}_Verify client name  field is available and clickable\&quot;Jeanbaptiste Bernard Fauchille\&quot;&quot;)
public void tc__verify_client_name_field_is_available_and_clickable_jeanbaptiste_bernard_fauchille(Integer int1) {
    // Write code here that turns the phrase above into concrete actions
    throw new io.cucumber.java.PendingException();
}
@When(&quot;TC_{int}_Verify client code field is available and clickable\&quot;{int}\&quot;&quot;)
public void tc__verify_client_code_field_is_available_and_clickable(Integer int1, Integer int2) {
    // Write code here that turns the phrase above into concrete actions
    throw new io.cucumber.java.PendingException();
}
@When(&quot;TC_{int}_Verify Search button is visible and clickable&quot;)
public void tc__verify_search_button_is_visible_and_clickable(Integer int1) {
    // Write code here that turns the phrase above into concrete actions
    throw new io.cucumber.java.PendingException();
}
@Then(&quot;client name and client code show on page\&quot;Jeanbaptiste Bernard Fauchille\&quot;,{string}&quot;)
public void client_name_and_client_code_show_on_page_jeanbaptiste_bernard_fauchille(String string) {
    // Write code here that turns the phrase above into concrete actions
    throw new io.cucumber.java.PendingException();
}
@When(&quot;TC_{int}_Verify policy radio button is visible and clickable&quot;)
public void tc__verify_policy_radio_button_is_visible_and_clickable(Integer int1) {
    // Write code here that turns the phrase above into concrete actions
    throw new io.cucumber.java.PendingException();
}
@When(&quot;TC_{int}_Verify policy Number  field is visible and clickable\&quot;FGH-2J-{int}-{int}-{int}-{int}\&quot;&quot;)
public void tc__verify_policy_number_field_is_visible_and_clickable_fgh_2j(Integer int1, Integer int2, Integer int3, Integer int4, Integer int5) {
    // Write code here that turns the phrase above into concrete actions
    throw new io.cucumber.java.PendingException();
}
@When(&quot;TC_{int}_Verify Intermediary button is visible and clickable&quot;)
public void tc__verify_intermediary_button_is_visible_and_clickable(Integer int1) {
    // Write code here that turns the phrase above into concrete actions
    throw new io.cucumber.java.PendingException();
}
@When(&quot;TC_{int}_Verify Intermediarycode field is visible and clickable\&quot;{int}\&quot;&quot;)
public void tc__verify_intermediarycode_field_is_visible_and_clickable(Integer int1, Integer int2) {
    // Write code here that turns the phrase above into concrete actions
    throw new io.cucumber.java.PendingException();
}
@When(&quot;TC_{int}_Verify Intermediaryname field is visible and clickable\&quot;Landmark Insurance Brokers Pvt\&quot;&quot;)
public void tc__verify_intermediaryname_field_is_visible_and_clickable_landmark_insurance_brokers_pvt(Integer int1) {
    // Write code here that turns the phrase above into concrete actions
    throw new io.cucumber.java.PendingException();
}
@Then(&quot;Intermediarycode and Intermediaryname show on page\&quot;{int}\&quot;,\&quot;Landmark Insurance Brokers Pvt\&quot;&quot;)
public void intermediarycode_and_intermediaryname_show_on_page_landmark_insurance_brokers_pvt(Integer int1) {
    // Write code here that turns the phrase above into concrete actions
    throw new io.cucumber.java.PendingException();
}
@When(&quot;TC_{int}_Verify Employee button is visible and clickable&quot;)
public void tc__verify_employee_button_is_visible_and_clickable(Integer int1) {
    // Write code here that turns the phrase above into concrete actions
    throw new io.cucumber.java.PendingException();
}
@When(&quot;TC_{int}_Verify Employeecode field is visible and clickable\&quot;{int}\&quot;&quot;)
public void tc__verify_employeecode_field_is_visible_and_clickable(Integer int1, Integer int2) {
    // Write code here that turns the phrase above into concrete actions
    throw new io.cucumber.java.PendingException();
}
@When(&quot;TC_{int}_Verify Employeename field is visible and clickable\&quot;Landmark Insurance Brokers Pvt\&quot;&quot;)
public void tc__verify_employeename_field_is_visible_and_clickable_landmark_insurance_brokers_pvt(Integer int1) {
    // Write code here that turns the phrase above into concrete actions
    throw new io.cucumber.java.PendingException();
}
@Then(&quot;Employeecode and Employeename show on page\&quot;{int}\&quot;,\&quot;Landmark Insurance Brokers Pvt\&quot;&quot;)
public void employeecode_and_employeename_show_on_page_landmark_insurance_brokers_pvt(Integer int1) {
    // Write code here that turns the phrase above into concrete actions
    throw new io.cucumber.java.PendingException();
}
" type="io.cucumber.testng.UndefinedStepException">
      <![CDATA[io.cucumber.testng.UndefinedStepException: The step 'TC_003 Verify Group radiobutton is clickable' and 20 other step(s) are undefined.
You can implement these steps using the snippet(s) below:

@When("TC_{int} Verify Group radiobutton is clickable")
public void tc_verify_group_radiobutton_is_clickable(Integer int1) {
    // Write code here that turns the phrase above into concrete actions
    throw new io.cucumber.java.PendingException();
}
@Given("User on Homepage page")
public void user_on_homepage_page() {
    // Write code here that turns the phrase above into concrete actions
    throw new io.cucumber.java.PendingException();
}
@When("TC_{int}_Verify the View manage password sub module link is available and open")
public void tc__verify_the_view_manage_password_sub_module_link_is_available_and_open(Integer int1) {
    // Write code here that turns the phrase above into concrete actions
    throw new io.cucumber.java.PendingException();
}
@When("TC_{int}_Verify client radio button is visible and clickable")
public void tc__verify_client_radio_button_is_visible_and_clickable(Integer int1) {
    // Write code here that turns the phrase above into concrete actions
    throw new io.cucumber.java.PendingException();
}
@When("TC_{int}_Verify client name  field is available and clickable\"Jeanbaptiste Bernard Fauchille\"")
public void tc__verify_client_name_field_is_available_and_clickable_jeanbaptiste_bernard_fauchille(Integer int1) {
    // Write code here that turns the phrase above into concrete actions
    throw new io.cucumber.java.PendingException();
}
@When("TC_{int}_Verify client code field is available and clickable\"{int}\"")
public void tc__verify_client_code_field_is_available_and_clickable(Integer int1, Integer int2) {
    // Write code here that turns the phrase above into concrete actions
    throw new io.cucumber.java.PendingException();
}
@When("TC_{int}_Verify Search button is visible and clickable")
public void tc__verify_search_button_is_visible_and_clickable(Integer int1) {
    // Write code here that turns the phrase above into concrete actions
    throw new io.cucumber.java.PendingException();
}
@Then("client name and client code show on page\"Jeanbaptiste Bernard Fauchille\",{string}")
public void client_name_and_client_code_show_on_page_jeanbaptiste_bernard_fauchille(String string) {
    // Write code here that turns the phrase above into concrete actions
    throw new io.cucumber.java.PendingException();
}
@When("TC_{int}_Verify policy radio button is visible and clickable")
public void tc__verify_policy_radio_button_is_visible_and_clickable(Integer int1) {
    // Write code here that turns the phrase above into concrete actions
    throw new io.cucumber.java.PendingException();
}
@When("TC_{int}_Verify policy Number  field is visible and clickable\"FGH-2J-{int}-{int}-{int}-{int}\"")
public void tc__verify_policy_number_field_is_visible_and_clickable_fgh_2j(Integer int1, Integer int2, Integer int3, Integer int4, Integer int5) {
    // Write code here that turns the phrase above into concrete actions
    throw new io.cucumber.java.PendingException();
}
@When("TC_{int}_Verify Intermediary button is visible and clickable")
public void tc__verify_intermediary_button_is_visible_and_clickable(Integer int1) {
    // Write code here that turns the phrase above into concrete actions
    throw new io.cucumber.java.PendingException();
}
@When("TC_{int}_Verify Intermediarycode field is visible and clickable\"{int}\"")
public void tc__verify_intermediarycode_field_is_visible_and_clickable(Integer int1, Integer int2) {
    // Write code here that turns the phrase above into concrete actions
    throw new io.cucumber.java.PendingException();
}
@When("TC_{int}_Verify Intermediaryname field is visible and clickable\"Landmark Insurance Brokers Pvt\"")
public void tc__verify_intermediaryname_field_is_visible_and_clickable_landmark_insurance_brokers_pvt(Integer int1) {
    // Write code here that turns the phrase above into concrete actions
    throw new io.cucumber.java.PendingException();
}
@Then("Intermediarycode and Intermediaryname show on page\"{int}\",\"Landmark Insurance Brokers Pvt\"")
public void intermediarycode_and_intermediaryname_show_on_page_landmark_insurance_brokers_pvt(Integer int1) {
    // Write code here that turns the phrase above into concrete actions
    throw new io.cucumber.java.PendingException();
}
@When("TC_{int}_Verify Employee button is visible and clickable")
public void tc__verify_employee_button_is_visible_and_clickable(Integer int1) {
    // Write code here that turns the phrase above into concrete actions
    throw new io.cucumber.java.PendingException();
}
@When("TC_{int}_Verify Employeecode field is visible and clickable\"{int}\"")
public void tc__verify_employeecode_field_is_visible_and_clickable(Integer int1, Integer int2) {
    // Write code here that turns the phrase above into concrete actions
    throw new io.cucumber.java.PendingException();
}
@When("TC_{int}_Verify Employeename field is visible and clickable\"Landmark Insurance Brokers Pvt\"")
public void tc__verify_employeename_field_is_visible_and_clickable_landmark_insurance_brokers_pvt(Integer int1) {
    // Write code here that turns the phrase above into concrete actions
    throw new io.cucumber.java.PendingException();
}
@Then("Employeecode and Employeename show on page\"{int}\",\"Landmark Insurance Brokers Pvt\"")
public void employeecode_and_employeename_show_on_page_landmark_insurance_brokers_pvt(Integer int1) {
    // Write code here that turns the phrase above into concrete actions
    throw new io.cucumber.java.PendingException();
}

at io.cucumber.core.runtime.TestCaseResultObserver.assertTestCasePassed(TestCaseResultObserver.java:69)
at io.cucumber.testng.TestCaseResultObserver.assertTestCasePassed(TestCaseResultObserver.java:23)
at io.cucumber.testng.TestNGCucumberRunner.lambda$runScenario$1(TestNGCucumberRunner.java:133)
at io.cucumber.core.runtime.CucumberExecutionContext.lambda$runTestCase$3(CucumberExecutionContext.java:151)
at io.cucumber.core.runtime.RethrowingThrowableCollector.executeAndThrow(RethrowingThrowableCollector.java:23)
at io.cucumber.core.runtime.CucumberExecutionContext.runTestCase(CucumberExecutionContext.java:151)
at io.cucumber.testng.TestNGCucumberRunner.runScenario(TestNGCucumberRunner.java:129)
at io.cucumber.testng.AbstractTestNGCucumberTests.runScenario(AbstractTestNGCucumberTests.java:35)
at java.base/jdk.internal.reflect.DirectMethodHandleAccessor.invoke(DirectMethodHandleAccessor.java:104)
at java.base/java.lang.reflect.Method.invoke(Method.java:577)
at org.testng.internal.MethodInvocationHelper.invokeMethod(MethodInvocationHelper.java:133)
at org.testng.internal.TestInvoker.invokeMethod(TestInvoker.java:598)
at org.testng.internal.TestInvoker.invokeTestMethod(TestInvoker.java:173)
at org.testng.internal.MethodRunner.runInSequence(MethodRunner.java:46)
at org.testng.internal.TestInvoker$MethodInvocationAgent.invoke(TestInvoker.java:824)
at org.testng.internal.TestInvoker.invokeTestMethods(TestInvoker.java:146)
at org.testng.internal.TestMethodWorker.invokeTestMethods(TestMethodWorker.java:146)
at org.testng.internal.TestMethodWorker.run(TestMethodWorker.java:128)
at java.base/java.util.ArrayList.forEach(ArrayList.java:1511)
at org.testng.TestRunner.privateRun(TestRunner.java:794)
at org.testng.TestRunner.run(TestRunner.java:596)
at org.testng.SuiteRunner.runTest(SuiteRunner.java:377)
at org.testng.SuiteRunner.runSequentially(SuiteRunner.java:371)
at org.testng.SuiteRunner.privateRun(SuiteRunner.java:332)
at org.testng.SuiteRunner.run(SuiteRunner.java:276)
at org.testng.SuiteRunnerWorker.runSuite(SuiteRunnerWorker.java:53)
at org.testng.SuiteRunnerWorker.run(SuiteRunnerWorker.java:96)
at org.testng.TestNG.runSuitesSequentially(TestNG.java:1212)
at org.testng.TestNG.runSuitesLocally(TestNG.java:1134)
at org.testng.TestNG.runSuites(TestNG.java:1063)
at org.testng.TestNG.run(TestNG.java:1031)
at org.testng.remote.AbstractRemoteTestNG.run(AbstractRemoteTestNG.java:115)
at org.testng.remote.RemoteTestNG.initAndRun(RemoteTestNG.java:251)
at org.testng.remote.RemoteTestNG.main(RemoteTestNG.java:77)
]]>
    </error>
  </testcase> <!-- runScenario -->
  <system-out/>
</testsuite> <!-- cucumberoptions.TestRunner -->
